# JRE version: OpenJDK Runtime Environment (21.0.5) (build 21.0.5+-12932927-b750.29)
# Java VM: OpenJDK 64-Bit Server VM (21.0.5+-12932927-b750.29, mixed mode, tiered, compressed oops, compressed class ptrs, g1 gc, windows-amd64)
GC Precious Log:
 CardTable entry size: 512
 Card Set container configuration: InlinePtr #cards 5 size 8 Array Of Cards #cards 12 size 40 Howl #buckets 4 coarsen threshold 1843 Howl Bitmap #cards 512 size 80 coarsen threshold 460 Card regions per heap region 1 cards per card region 2048
 CPUs: 8 total, 8 available
 Memory: 16078M
 Large Page Support: Disabled
 NUMA Support: Disabled
 Compressed Oops: Enabled (32-bit)
 Heap Region Size: 1M
 Heap Min Capacity: 8M
 Heap Initial Capacity: 252M
 Heap Max Capacity: 2G
 Pre-touch: Disabled
 Parallel Workers: 8
 Concurrent Workers: 2
 Concurrent Refinement Workers: 8
 Periodic GC: Disabled
Heap:
 garbage-first heap   total 363520K, used 253550K [0x0000000080000000, 0x0000000100000000)
  region size 1024K, 28 young (28672K), 10 survivors (10240K)
 Metaspace       used 152567K, committed 155136K, reserved 1245184K
  class space    used 19799K, committed 21120K, reserved 1048576K
GC Heap History (20 events):
Event: 12.111 GC heap before
{Heap before GC invocations=44 (full 0):
 garbage-first heap   total 283648K, used 254846K [0x0000000080000000, 0x0000000100000000)
  region size 1024K, 85 young (87040K), 12 survivors (12288K)
 Metaspace       used 130991K, committed 133440K, reserved 1179648K
  class space    used 17378K, committed 18624K, reserved 1048576K
}
Event: 12.121 GC heap after
{Heap after GC invocations=45 (full 0):
 garbage-first heap   total 283648K, used 187938K [0x0000000080000000, 0x0000000100000000)
  region size 1024K, 9 young (9216K), 9 survivors (9216K)
 Metaspace       used 130991K, committed 133440K, reserved 1179648K
  class space    used 17378K, committed 18624K, reserved 1048576K
}
Event: 12.754 GC heap before
{Heap before GC invocations=46 (full 0):
 garbage-first heap   total 314368K, used 257570K [0x0000000080000000, 0x0000000100000000)
  region size 1024K, 77 young (78848K), 9 survivors (9216K)
 Metaspace       used 134046K, committed 136448K, reserved 1179648K
  class space    used 17718K, committed 18944K, reserved 1048576K
}
Event: 12.762 GC heap after
{Heap after GC invocations=47 (full 0):
 garbage-first heap   total 314368K, used 196406K [0x0000000080000000, 0x0000000100000000)
  region size 1024K, 9 young (9216K), 9 survivors (9216K)
 Metaspace       used 134046K, committed 136448K, reserved 1179648K
  class space    used 17718K, committed 18944K, reserved 1048576K
}
Event: 13.358 GC heap before
{Heap before GC invocations=47 (full 0):
 garbage-first heap   total 314368K, used 285494K [0x0000000080000000, 0x0000000100000000)
  region size 1024K, 97 young (99328K), 9 survivors (9216K)
 Metaspace       used 141379K, committed 143936K, reserved 1179648K
  class space    used 18466K, committed 19776K, reserved 1048576K
}
Event: 13.367 GC heap after
{Heap after GC invocations=48 (full 0):
 garbage-first heap   total 314368K, used 198623K [0x0000000080000000, 0x0000000100000000)
  region size 1024K, 4 young (4096K), 4 survivors (4096K)
 Metaspace       used 141379K, committed 143936K, reserved 1179648K
  class space    used 18466K, committed 19776K, reserved 1048576K
}
Event: 48.001 GC heap before
{Heap before GC invocations=48 (full 0):
 garbage-first heap   total 314368K, used 290783K [0x0000000080000000, 0x0000000100000000)
  region size 1024K, 95 young (97280K), 4 survivors (4096K)
 Metaspace       used 143543K, committed 146112K, reserved 1179648K
  class space    used 18692K, committed 20032K, reserved 1048576K
}
Event: 48.009 GC heap after
{Heap after GC invocations=49 (full 0):
 garbage-first heap   total 314368K, used 205824K [0x0000000080000000, 0x0000000100000000)
  region size 1024K, 12 young (12288K), 12 survivors (12288K)
 Metaspace       used 143543K, committed 146112K, reserved 1179648K
  class space    used 18692K, committed 20032K, reserved 1048576K
}
Event: 48.568 GC heap before
{Heap before GC invocations=49 (full 0):
 garbage-first heap   total 314368K, used 278528K [0x0000000080000000, 0x0000000100000000)
  region size 1024K, 85 young (87040K), 12 survivors (12288K)
 Metaspace       used 145579K, committed 148096K, reserved 1179648K
  class space    used 19006K, committed 20288K, reserved 1048576K
}
Event: 48.579 GC heap after
{Heap after GC invocations=50 (full 0):
 garbage-first heap   total 314368K, used 214583K [0x0000000080000000, 0x0000000100000000)
  region size 1024K, 9 young (9216K), 9 survivors (9216K)
 Metaspace       used 145579K, committed 148096K, reserved 1179648K
  class space    used 19006K, committed 20288K, reserved 1048576K
}
Event: 49.291 GC heap before
{Heap before GC invocations=51 (full 0):
 garbage-first heap   total 360448K, used 292407K [0x0000000080000000, 0x0000000100000000)
  region size 1024K, 78 young (79872K), 9 survivors (9216K)
 Metaspace       used 147462K, committed 150080K, reserved 1179648K
  class space    used 19249K, committed 20608K, reserved 1048576K
}
Event: 49.304 GC heap after
{Heap after GC invocations=52 (full 0):
 garbage-first heap   total 360448K, used 241664K [0x0000000080000000, 0x0000000100000000)
  region size 1024K, 10 young (10240K), 10 survivors (10240K)
 Metaspace       used 147462K, committed 150080K, reserved 1179648K
  class space    used 19249K, committed 20608K, reserved 1048576K
}
Event: 49.914 GC heap before
{Heap before GC invocations=52 (full 0):
 garbage-first heap   total 360448K, used 344064K [0x0000000080000000, 0x0000000100000000)
  region size 1024K, 82 young (83968K), 10 survivors (10240K)
 Metaspace       used 150081K, committed 152640K, reserved 1245184K
  class space    used 19504K, committed 20800K, reserved 1048576K
}
Event: 49.925 GC heap after
{Heap after GC invocations=53 (full 0):
 garbage-first heap   total 363520K, used 243175K [0x0000000080000000, 0x0000000100000000)
  region size 1024K, 7 young (7168K), 7 survivors (7168K)
 Metaspace       used 150081K, committed 152640K, reserved 1245184K
  class space    used 19504K, committed 20800K, reserved 1048576K
}
Event: 51.567 GC heap before
{Heap before GC invocations=53 (full 0):
 garbage-first heap   total 363520K, used 320999K [0x0000000080000000, 0x0000000100000000)
  region size 1024K, 84 young (86016K), 7 survivors (7168K)
 Metaspace       used 151912K, committed 154496K, reserved 1245184K
  class space    used 19722K, committed 21056K, reserved 1048576K
}
Event: 51.572 GC heap after
{Heap after GC invocations=54 (full 0):
 garbage-first heap   total 363520K, used 248828K [0x0000000080000000, 0x0000000100000000)
  region size 1024K, 7 young (7168K), 7 survivors (7168K)
 Metaspace       used 151912K, committed 154496K, reserved 1245184K
  class space    used 19722K, committed 21056K, reserved 1048576K
}
Event: 51.759 GC heap before
{Heap before GC invocations=54 (full 0):
 garbage-first heap   total 363520K, used 325628K [0x0000000080000000, 0x0000000100000000)
  region size 1024K, 83 young (84992K), 7 survivors (7168K)
 Metaspace       used 151942K, committed 154496K, reserved 1245184K
  class space    used 19724K, committed 21056K, reserved 1048576K
}
Event: 51.765 GC heap after
{Heap after GC invocations=55 (full 0):
 garbage-first heap   total 363520K, used 251540K [0x0000000080000000, 0x0000000100000000)
  region size 1024K, 5 young (5120K), 5 survivors (5120K)
 Metaspace       used 151942K, committed 154496K, reserved 1245184K
  class space    used 19724K, committed 21056K, reserved 1048576K
}
Event: 52.070 GC heap before
{Heap before GC invocations=55 (full 0):
 garbage-first heap   total 363520K, used 331412K [0x0000000080000000, 0x0000000100000000)
  region size 1024K, 84 young (86016K), 5 survivors (5120K)
 Metaspace       used 152305K, committed 154816K, reserved 1245184K
  class space    used 19766K, committed 21056K, reserved 1048576K
}
Event: 52.076 GC heap after
{Heap after GC invocations=56 (full 0):
 garbage-first heap   total 363520K, used 256622K [0x0000000080000000, 0x0000000100000000)
  region size 1024K, 10 young (10240K), 10 survivors (10240K)
 Metaspace       used 152305K, committed 154816K, reserved 1245184K
  class space    used 19766K, committed 21056K, reserved 1048576K
}

